[kpowers.se/demo/html/aero/bubbles/index.html]
[backblue.gif]
[fade.gif]
[index.html]
[kpowers.se/demo/html/aero/bubbles/css/assets.min.css]
[kpowers.se/demo/html/aero/bubbles/css/main.css]
[kpowers.se/demo/html/aero/bubbles/portfolio.html]
[kpowers.se/demo/html/aero/bubbles/about.html]
[kpowers.se/demo/html/aero/bubbles/blog.html]
[kpowers.se/demo/html/aero/bubbles/contact.html]
[kpowers.se/demo/html/aero/bubbles/single-slideshow.html]
[kpowers.se/demo/html/aero/bubbles/img/portfolio/5.jpg]
[kpowers.se/demo/html/aero/bubbles/single-video.html]
[kpowers.se/demo/html/aero/bubbles/img/portfolio/3.jpg]
[kpowers.se/demo/html/aero/bubbles/single-image.html]
[kpowers.se/demo/html/aero/bubbles/img/portfolio/7.jpg]
[kpowers.se/demo/html/aero/bubbles/img/portfolio/6.jpg]
[kpowers.se/demo/html/aero/bubbles/js/assets.min.js]
[kpowers.se/demo/html/aero/bubbles/index.html]
[kpowers.se/demo/html/aero/bubbles/js/main.js]
[fonts.googleapis.com/cssc33c.css]
[fonts.googleapis.com/csse6a6.css]
[kpowers.se/demo/html/aero/bubbles/portfolio.html]
[kpowers.se/demo/html/aero/bubbles/img/about.jpg]
[kpowers.se/demo/html/aero/bubbles/img/logos/5.png]
[kpowers.se/demo/html/aero/bubbles/img/logos/6.png]
[kpowers.se/demo/html/aero/bubbles/img/logos/7.png]
[kpowers.se/demo/html/aero/bubbles/img/logos/9.png]
[kpowers.se/demo/html/aero/bubbles/img/team/1.jpg]
[kpowers.se/demo/html/aero/bubbles/img/team/2.jpg]
[kpowers.se/demo/html/aero/bubbles/img/team/3.jpg]
[kpowers.se/demo/html/aero/bubbles/about.html]
[kpowers.se/demo/html/aero/bubbles/img/posts/1.jpg]
[kpowers.se/demo/html/aero/bubbles/post-slideshow.html]
[kpowers.se/demo/html/aero/bubbles/img/posts/2.jpg]
[kpowers.se/demo/html/aero/bubbles/post-video.html]
[kpowers.se/demo/html/aero/bubbles/img/posts/3.jpg]
[kpowers.se/demo/html/aero/bubbles/post-image.html]
[kpowers.se/demo/html/aero/bubbles/blog.html]
[kpowers.se/demo/html/aero/bubbles/contact.html]
[kpowers.se/demo/html/aero/bubbles/img/portfolio/2.jpg]
[kpowers.se/demo/html/aero/bubbles/img/portfolio/1.jpg]
[kpowers.se/demo/html/aero/bubbles/single-slideshow.html]
[kpowers.se/demo/html/aero/bubbles/img/video.mp4]
[kpowers.se/demo/html/aero/bubbles/img/video.jpg]
[kpowers.se/demo/html/aero/bubbles/single-video.html]
[kpowers.se/demo/html/aero/bubbles/single-image.html]
[kpowers.se/demo/html/aero/bubbles/img/portfolio/4.jpg]
[kpowers.se/demo/html/aero/bubbles/img/comment.jpg]
[kpowers.se/demo/html/aero/bubbles/img/comment2.jpg]
[kpowers.se/demo/html/aero/bubbles/img/comment3.jpg]
[kpowers.se/demo/html/aero/bubbles/post-slideshow.html]
[kpowers.se/demo/html/aero/bubbles/post-video.html]
[kpowers.se/demo/html/aero/bubbles/post-image.html]
[kpowers.se/demo/html/aero/bubbles/img/favicon.html]
[kpowers.se/demo/html/aero/bubbles/js/assets.min.js]
[kpowers.se/demo/html/aero/bubbles/webfonts/fa-brands-400.eot]
[kpowers.se/demo/html/aero/bubbles/webfonts/fa-brands-400d41d.eot]
[kpowers.se/demo/html/aero/bubbles/webfonts/fa-brands-400.woff]
[kpowers.se/demo/html/aero/bubbles/webfonts/fa-brands-400.ttf]
[kpowers.se/demo/html/aero/bubbles/webfonts/fa-regular-400.eot]
[kpowers.se/demo/html/aero/bubbles/webfonts/fa-regular-400d41d.eot]
[kpowers.se/demo/html/aero/bubbles/webfonts/fa-regular-400.woff]
[kpowers.se/demo/html/aero/bubbles/webfonts/fa-regular-400.ttf]
[kpowers.se/demo/html/aero/bubbles/webfonts/fa-solid-900.eot]
[kpowers.se/demo/html/aero/bubbles/webfonts/fa-solid-900d41d.eot]
[kpowers.se/demo/html/aero/bubbles/webfonts/fa-solid-900.woff]
[kpowers.se/demo/html/aero/bubbles/webfonts/fa-solid-900.ttf]
[kpowers.se/demo/html/aero/bubbles/css/assets.min.css]
[kpowers.se/demo/html/aero/bubbles/css/main.css]
[kpowers.se/demo/html/aero/bubbles/single-video.html]
[kpowers.se/demo/html/aero/bubbles/post-slideshow.html]
[kpowers.se/demo/html/aero/bubbles/post-video.html]
[kpowers.se/demo/html/aero/bubbles/css/owl.video.play.html]
[kpowers.se/demo/html/aero/bubbles/webfonts/fa-brands-400.html]
[kpowers.se/demo/html/aero/bubbles/webfonts/fa-brands-400.svg]
[kpowers.se/demo/html/aero/bubbles/webfonts/fa-regular-400.html]
[kpowers.se/demo/html/aero/bubbles/webfonts/fa-regular-400.svg]
[kpowers.se/demo/html/aero/bubbles/webfonts/fa-solid-900.html]
[kpowers.se/demo/html/aero/bubbles/webfonts/fa-solid-900.svg]
